c:\users\ingyu\desktop\designpattern\abstarctpattern\abstarctpattern\debug\vc141.pdb
c:\users\ingyu\desktop\designpattern\abstarctpattern\abstarctpattern\debug\vc141.idb
c:\users\ingyu\desktop\designpattern\abstarctpattern\abstarctpattern\debug\main.obj
c:\users\ingyu\desktop\designpattern\abstarctpattern\abstarctpattern\debug\videomodule.obj
c:\users\ingyu\desktop\designpattern\abstarctpattern\abstarctpattern\debug\mobisvideomodule.obj
c:\users\ingyu\desktop\designpattern\abstarctpattern\abstarctpattern\debug\lgvideomodule.obj
c:\users\ingyu\desktop\designpattern\abstarctpattern\abstarctpattern\debug\audiomodule.obj
c:\users\ingyu\desktop\designpattern\abstarctpattern\abstarctpattern\debug\mobisaudiomodule.obj
c:\users\ingyu\desktop\designpattern\abstarctpattern\abstarctpattern\debug\lgaudiomodule.obj
c:\users\ingyu\desktop\designpattern\abstarctpattern\abstarctpattern\debug\avnfactory.obj
c:\users\ingyu\desktop\designpattern\abstarctpattern\abstarctpattern\debug\lgavnfactory.obj
c:\users\ingyu\desktop\designpattern\abstarctpattern\abstarctpattern\debug\mobisavnfactory.obj
c:\users\ingyu\desktop\designpattern\abstarctpattern\abstarctpattern\debug\creatoravnfactory.obj
c:\users\ingyu\desktop\designpattern\abstarctpattern\abstarctpattern\debug\client.obj
c:\users\ingyu\desktop\designpattern\abstarctpattern\debug\abstarctpattern.exe
c:\users\ingyu\desktop\designpattern\abstarctpattern\debug\abstarctpattern.ilk
c:\users\ingyu\desktop\designpattern\abstarctpattern\debug\abstarctpattern.pdb
c:\users\ingyu\desktop\designpattern\abstarctpattern\abstarctpattern\debug\client.obj.enc
c:\users\ingyu\desktop\designpattern\abstarctpattern\abstarctpattern\debug\abstarctpattern.tlog\cl.command.1.tlog
c:\users\ingyu\desktop\designpattern\abstarctpattern\abstarctpattern\debug\abstarctpattern.tlog\cl.read.1.tlog
c:\users\ingyu\desktop\designpattern\abstarctpattern\abstarctpattern\debug\abstarctpattern.tlog\cl.write.1.tlog
c:\users\ingyu\desktop\designpattern\abstarctpattern\abstarctpattern\debug\abstarctpattern.tlog\link.command.1.tlog
c:\users\ingyu\desktop\designpattern\abstarctpattern\abstarctpattern\debug\abstarctpattern.tlog\link.read.1.tlog
c:\users\ingyu\desktop\designpattern\abstarctpattern\abstarctpattern\debug\abstarctpattern.tlog\link.write.1.tlog
